2023-06-30 12:55:24,289 [INFO]: Отправка GET-запроса к API сайта.
2023-06-30 12:55:24,721 [INFO]: Результаты сохранены в файл: data_file/data_employers.csv
2023-06-30 12:57:25,088 [INFO]: Отправка GET-запроса к API сайта.
2023-06-30 12:57:25,549 [INFO]: Результаты сохранены в файл: data_file/data_employers.csv
2023-06-30 12:59:52,913 [INFO]: Отправка GET-запроса к API сайта.
2023-06-30 12:59:53,335 [INFO]: Данные о работодателях сохранены в файл: data_file/data_employers.csv
2023-07-05 21:57:52,123 [INFO]: Отправка GET-запроса по поиску работодателей.
2023-07-05 21:57:52,546 [INFO]: Данные о работодателях сохранены в файл: data_file/data_employers.csv
2023-07-05 21:59:52,120 [INFO]: Отправка GET-запроса по поиску работодателей.
2023-07-05 21:59:52,501 [INFO]: Данные о работодателях сохранены в файл: data_file/data_employers.csv
2023-07-05 22:03:41,645 [INFO]: Отправка GET-запроса по поиску работодателей.
2023-07-05 22:03:42,033 [INFO]: Данные о работодателях сохранены в файл: data_file/data_employers.csv
2023-07-05 23:00:38,683 [INFO]: Отправка GET-запроса по поиску работодателей.
2023-07-05 23:00:39,027 [INFO]: Данные о работодателях сохранены в файл: data_file/data_employers.csv
2023-07-05 23:05:11,278 [INFO]: Отправка GET-запроса по поиску работодателей.
2023-07-05 23:05:11,648 [INFO]: Данные о работодателях сохранены в файл: data_file/data_employers.csv
2023-07-05 23:08:31,017 [INFO]: Отправка GET-запроса по поиску работодателей.
2023-07-05 23:08:31,381 [INFO]: Данные о работодателях сохранены в файл: data_file/data_employers.csv
2023-07-05 23:09:54,459 [INFO]: Отправка GET-запроса по поиску работодателей.
2023-07-05 23:09:54,804 [INFO]: Данные о работодателях сохранены в файл: data_file/data_employers.csv
2023-07-05 23:12:44,436 [INFO]: Отправка GET-запроса по поиску работодателей.
2023-07-05 23:12:44,794 [INFO]: Данные о работодателях сохранены в файл: data_file/data_employers.csv
2023-07-05 23:18:47,885 [INFO]: Отправка GET-запроса по поиску работодателей.
2023-07-05 23:18:48,262 [INFO]: Данные о работодателях сохранены в файл: data_file/data_employers.csv
2023-07-05 23:19:38,915 [INFO]: Отправка GET-запроса по поиску работодателей.
2023-07-05 23:19:39,269 [INFO]: Данные о работодателях сохранены в файл: data_file/data_employers.csv
2023-07-05 23:24:36,082 [INFO]: Отправка GET-запроса по поиску работодателей.
2023-07-05 23:24:36,437 [INFO]: Данные о работодателях сохранены в файл: data_file/data_employers.csv
2023-07-05 23:28:24,885 [INFO]: Отправка GET-запроса по поиску работодателей.
2023-07-05 23:28:25,271 [INFO]: Данные о работодателях сохранены в файл: data_file/data_employers.csv
2023-07-05 23:31:32,733 [INFO]: Отправка GET-запроса по поиску работодателей.
2023-07-05 23:31:33,122 [INFO]: Данные о работодателях сохранены в файл: data_file/data_employers.csv
2023-07-05 23:31:57,361 [INFO]: Отправка GET-запроса по поиску работодателей.
2023-07-05 23:31:57,794 [INFO]: Данные о работодателях сохранены в файл: data_file/data_employers.csv
2023-07-05 23:48:18,036 [INFO]: Отправка GET-запроса по поиску работодателей.
2023-07-05 23:48:18,438 [INFO]: Данные о работодателях сохранены в файл: data_file/data_employers.csv
2023-07-05 23:52:06,343 [INFO]: Отправка GET-запроса по поиску работодателей.
2023-07-05 23:52:06,712 [INFO]: Данные о работодателях сохранены в файл: data_file/data_employers.csv
2023-07-05 23:54:14,734 [INFO]: Отправка GET-запроса по поиску работодателей.
2023-07-05 23:54:15,149 [INFO]: Данные о работодателях сохранены в файл: data_file/data_employers.csv
2023-07-05 23:59:46,595 [INFO]: Отправка GET-запроса по поиску работодателей.
2023-07-05 23:59:46,932 [INFO]: Данные о работодателях сохранены в файл: data_file/data_employers.csv
2023-07-06 00:03:19,672 [INFO]: Отправка GET-запроса по поиску работодателей.
2023-07-06 00:03:20,013 [INFO]: Данные о работодателях сохранены в файл: data_file/data_employers.csv
2023-07-06 00:04:55,903 [INFO]: Отправка GET-запроса по поиску работодателей.
2023-07-06 00:04:56,299 [INFO]: Данные о работодателях сохранены в файл: data_file/data_employers.csv
2023-07-06 00:07:57,090 [INFO]: Отправка GET-запроса по поиску работодателей.
2023-07-06 00:07:57,458 [INFO]: Данные о работодателях сохранены в файл: data_file/data_employers.csv
2023-07-06 00:32:44,915 [INFO]: Отправка GET-запроса по поиску работодателей.
2023-07-06 00:32:45,278 [INFO]: Данные о работодателях сохранены в файл: data_file/data_employers.csv
2023-07-06 00:36:56,670 [INFO]: Отправка GET-запроса по поиску работодателей.
2023-07-06 00:36:57,072 [INFO]: Данные о работодателях сохранены в файл: data_file/data_employers.csv
2023-07-06 00:40:18,793 [INFO]: Отправка GET-запроса по поиску работодателей.
2023-07-06 00:40:19,144 [INFO]: Данные о работодателях сохранены в файл: data_file/data_employers.csv
2023-07-06 23:05:41,273 [INFO]: Отправка GET-запроса по поиску работодателей.
2023-07-06 23:05:41,666 [INFO]: Данные о работодателях сохранены в файл: data_file/data_employers.csv
2023-07-06 23:06:46,722 [INFO]: Отправка GET-запроса по поиску работодателей.
2023-07-06 23:06:47,113 [INFO]: Данные о работодателях сохранены в файл: data_file/data_employers.csv
2023-07-06 23:34:26,605 [INFO]: Отправка GET-запроса по поиску работодателей.
2023-07-06 23:35:35,576 [INFO]: Отправка GET-запроса по поиску работодателей.
2023-07-06 23:35:35,581 [INFO]: Отправка GET-запроса по поиску работодателей.
2023-07-06 23:35:35,581 [INFO]: Отправка GET-запроса по поиску работодателей.
2023-07-06 23:35:35,586 [INFO]: Данные о работодателях сохранены в файл: employers.csv
2023-07-06 23:35:35,586 [INFO]: Данные о работодателях сохранены в файл: employers.csv
2023-07-06 23:35:35,586 [INFO]: Данные о работодателях сохранены в файл: employers.csv
2023-07-06 23:37:19,287 [INFO]: Отправка GET-запроса по поиску работодателей.
2023-07-06 23:37:19,291 [INFO]: Отправка GET-запроса по поиску работодателей.
2023-07-06 23:37:19,291 [INFO]: Отправка GET-запроса по поиску работодателей.
2023-07-06 23:37:19,296 [INFO]: Данные о работодателях сохранены в файл: employers.csv
2023-07-06 23:37:19,296 [INFO]: Данные о работодателях сохранены в файл: employers.csv
2023-07-06 23:37:19,296 [INFO]: Данные о работодателях сохранены в файл: employers.csv
2023-07-06 23:56:10,300 [INFO]: Отправка GET-запроса по поиску работодателей.
2023-07-06 23:56:10,305 [INFO]: Отправка GET-запроса по поиску работодателей.
2023-07-06 23:56:10,305 [INFO]: Отправка GET-запроса по поиску работодателей.
2023-07-06 23:56:10,311 [INFO]: Данные о работодателях сохранены в файл: employers.csv
2023-07-06 23:56:10,311 [INFO]: Данные о работодателях сохранены в файл: employers.csv
2023-07-06 23:56:10,311 [INFO]: Данные о работодателях сохранены в файл: employers.csv
2023-07-06 23:57:32,503 [INFO]: Отправка GET-запроса по поиску работодателей.
2023-07-06 23:57:32,508 [INFO]: Отправка GET-запроса по поиску работодателей.
2023-07-06 23:57:32,508 [INFO]: Отправка GET-запроса по поиску работодателей.
2023-07-06 23:57:32,514 [INFO]: Данные о работодателях сохранены в файл: employers.csv
2023-07-06 23:57:32,514 [INFO]: Данные о работодателях сохранены в файл: employers.csv
2023-07-06 23:57:32,514 [INFO]: Данные о работодателях сохранены в файл: employers.csv
2023-07-06 23:58:30,505 [INFO]: Отправка GET-запроса по поиску работодателей.
2023-07-06 23:58:30,510 [INFO]: Отправка GET-запроса по поиску работодателей.
2023-07-06 23:58:30,510 [INFO]: Отправка GET-запроса по поиску работодателей.
2023-07-07 00:05:21,224 [INFO]: Отправка GET-запроса по поиску работодателей.
2023-07-07 00:05:21,229 [INFO]: Отправка GET-запроса по поиску работодателей.
2023-07-07 00:05:21,229 [INFO]: Отправка GET-запроса по поиску работодателей.
2023-07-07 00:05:21,235 [INFO]: Данные о работодателях сохранены в файл: employers.csv
2023-07-07 00:05:21,235 [INFO]: Данные о работодателях сохранены в файл: employers.csv
2023-07-07 00:05:21,235 [INFO]: Данные о работодателях сохранены в файл: employers.csv
2023-07-07 00:07:33,237 [INFO]: Отправка GET-запроса по поиску работодателей.
2023-07-07 00:07:33,241 [INFO]: Отправка GET-запроса по поиску работодателей.
2023-07-07 00:07:33,241 [INFO]: Отправка GET-запроса по поиску работодателей.
2023-07-07 00:07:33,249 [INFO]: Данные о работодателях сохранены в файл: employers.csv
2023-07-07 00:07:33,249 [INFO]: Данные о работодателях сохранены в файл: employers.csv
2023-07-07 00:07:33,249 [INFO]: Данные о работодателях сохранены в файл: employers.csv
2023-07-07 00:08:55,495 [INFO]: Отправка GET-запроса по поиску работодателей.
2023-07-07 00:08:55,500 [INFO]: Отправка GET-запроса по поиску работодателей.
2023-07-07 00:08:55,500 [INFO]: Отправка GET-запроса по поиску работодателей.
2023-07-07 00:08:55,508 [INFO]: Данные о работодателях сохранены в файл: employers.csv
2023-07-07 00:08:55,508 [INFO]: Данные о работодателях сохранены в файл: employers.csv
2023-07-07 00:08:55,508 [INFO]: Данные о работодателях сохранены в файл: employers.csv
2023-07-07 00:12:21,113 [INFO]: Отправка GET-запроса по поиску работодателей.
2023-07-07 00:12:21,120 [INFO]: Отправка GET-запроса по поиску работодателей.
2023-07-07 00:12:21,120 [INFO]: Отправка GET-запроса по поиску работодателей.
2023-07-07 00:12:21,127 [INFO]: Данные о работодателях сохранены в файл: employers.csv
2023-07-07 00:12:21,127 [INFO]: Данные о работодателях сохранены в файл: employers.csv
2023-07-07 00:12:21,127 [INFO]: Данные о работодателях сохранены в файл: employers.csv
2023-07-07 00:15:01,960 [INFO]: Отправка GET-запроса по поиску работодателей.
2023-07-07 00:15:01,966 [INFO]: Отправка GET-запроса по поиску работодателей.
2023-07-07 00:15:01,966 [INFO]: Отправка GET-запроса по поиску работодателей.
2023-07-07 00:15:01,973 [INFO]: Данные о работодателях сохранены в файл: employers.csv
2023-07-07 00:15:01,973 [INFO]: Данные о работодателях сохранены в файл: employers.csv
2023-07-07 00:15:01,973 [INFO]: Данные о работодателях сохранены в файл: employers.csv
2023-07-07 00:18:30,900 [INFO]: Отправка GET-запроса по поиску работодателей.
2023-07-07 00:18:30,905 [INFO]: Отправка GET-запроса по поиску работодателей.
2023-07-07 00:18:30,905 [INFO]: Отправка GET-запроса по поиску работодателей.
2023-07-07 00:18:30,913 [INFO]: Данные о работодателях сохранены в файл: employers.csv
2023-07-07 00:18:30,913 [INFO]: Данные о работодателях сохранены в файл: employers.csv
2023-07-07 00:18:30,913 [INFO]: Данные о работодателях сохранены в файл: employers.csv
2023-07-07 00:21:08,310 [INFO]: Отправка GET-запроса по поиску работодателей.
2023-07-07 00:21:08,316 [INFO]: Отправка GET-запроса по поиску работодателей.
2023-07-07 00:21:08,316 [INFO]: Отправка GET-запроса по поиску работодателей.
2023-07-07 00:21:08,324 [INFO]: Данные о работодателях сохранены в файл: employers.csv
2023-07-07 00:21:08,324 [INFO]: Данные о работодателях сохранены в файл: employers.csv
2023-07-07 00:21:08,324 [INFO]: Данные о работодателях сохранены в файл: employers.csv
2023-07-07 00:24:18,441 [INFO]: Отправка GET-запроса по поиску работодателей.
2023-07-07 00:24:18,445 [INFO]: Отправка GET-запроса по поиску работодателей.
2023-07-07 00:24:18,445 [INFO]: Отправка GET-запроса по поиску работодателей.
2023-07-07 00:24:18,454 [INFO]: Данные о работодателях сохранены в файл: employers.csv
2023-07-07 00:24:18,454 [INFO]: Данные о работодателях сохранены в файл: employers.csv
2023-07-07 00:24:18,454 [INFO]: Данные о работодателях сохранены в файл: employers.csv
2023-07-07 00:25:56,637 [INFO]: Отправка GET-запроса по поиску работодателей.
2023-07-07 00:25:56,642 [INFO]: Отправка GET-запроса по поиску работодателей.
2023-07-07 00:25:56,642 [INFO]: Отправка GET-запроса по поиску работодателей.
2023-07-07 00:25:56,649 [INFO]: Данные о работодателях сохранены в файл: employers.csv
2023-07-07 00:25:56,649 [INFO]: Данные о работодателях сохранены в файл: employers.csv
2023-07-07 00:25:56,649 [INFO]: Данные о работодателях сохранены в файл: employers.csv
2023-07-07 00:48:49,816 [INFO]: Отправка GET-запроса по поиску работодателей.
2023-07-07 00:48:50,171 [INFO]: Данные о работодателях сохранены в файл: data_file/data_employers.csv
2023-07-07 00:50:02,877 [INFO]: Отправка GET-запроса по поиску работодателей.
2023-07-07 00:50:03,244 [INFO]: Данные о работодателях сохранены в файл: data_file/data_employers.csv
2023-07-07 00:51:00,709 [INFO]: Отправка GET-запроса по поиску работодателей.
2023-07-07 00:51:01,072 [INFO]: Данные о работодателях сохранены в файл: data_file/data_employers.csv
2023-07-07 00:51:58,367 [INFO]: Отправка GET-запроса по поиску работодателей.
2023-07-07 00:51:58,736 [INFO]: Данные о работодателях сохранены в файл: data_file/data_employers.csv
2023-07-07 01:25:24,880 [INFO]: Отправка GET-запроса по поиску работодателей.
2023-07-07 01:25:25,235 [INFO]: Данные о работодателях сохранены в файл: data_file/data_employers.csv
2023-07-07 01:29:55,756 [INFO]: Отправка GET-запроса по поиску работодателей.
2023-07-07 01:29:56,148 [INFO]: Данные о работодателях сохранены в файл: data_file/data_employers.csv
2023-07-07 01:31:11,948 [INFO]: Отправка GET-запроса по поиску работодателей.
2023-07-07 01:31:12,312 [INFO]: Данные о работодателях сохранены в файл: data_file/data_employers.csv
2023-07-07 01:42:45,406 [INFO]: Отправка GET-запроса по поиску работодателей.
2023-07-07 01:42:45,755 [INFO]: Данные о работодателях сохранены в файл: data_file/data_employers.csv
2023-07-07 01:46:03,642 [INFO]: Отправка GET-запроса по поиску работодателей.
2023-07-07 01:46:03,973 [INFO]: Данные о работодателях сохранены в файл: data_file/data_employers.csv
2023-07-07 01:46:38,802 [INFO]: Отправка GET-запроса по поиску работодателей.
2023-07-07 01:46:39,177 [INFO]: Данные о работодателях сохранены в файл: data_file/data_employers.csv
2023-07-07 01:47:37,524 [INFO]: Отправка GET-запроса по поиску работодателей.
2023-07-07 01:47:37,862 [INFO]: Данные о работодателях сохранены в файл: data_file/data_employers.csv
2023-07-07 01:48:39,316 [INFO]: Отправка GET-запроса по поиску работодателей.
2023-07-07 01:48:39,746 [INFO]: Данные о работодателях сохранены в файл: data_file/data_employers.csv
2023-07-07 01:50:06,966 [INFO]: Отправка GET-запроса по поиску работодателей.
2023-07-07 01:50:07,328 [INFO]: Данные о работодателях сохранены в файл: data_file/data_employers.csv
2023-07-07 01:50:53,510 [INFO]: Отправка GET-запроса по поиску работодателей.
2023-07-07 01:50:53,872 [INFO]: Данные о работодателях сохранены в файл: data_file/data_employers.csv
2023-07-07 01:53:41,240 [INFO]: Отправка GET-запроса по поиску работодателей.
2023-07-07 01:53:41,587 [INFO]: Данные о работодателях сохранены в файл: data_file/data_employers.csv
2023-07-07 01:54:20,505 [INFO]: Отправка GET-запроса по поиску работодателей.
2023-07-07 01:54:20,863 [INFO]: Данные о работодателях сохранены в файл: data_file/data_employers.csv
2023-07-07 01:56:16,106 [INFO]: Отправка GET-запроса по поиску работодателей.
2023-07-07 01:56:16,455 [INFO]: Данные о работодателях сохранены в файл: data_file/data_employers.csv
2023-07-07 01:56:41,115 [INFO]: Отправка GET-запроса по поиску работодателей.
2023-07-07 01:56:41,488 [INFO]: Данные о работодателях сохранены в файл: data_file/data_employers.csv
2023-07-07 01:57:11,810 [INFO]: Отправка GET-запроса по поиску работодателей.
2023-07-07 01:57:12,143 [INFO]: Данные о работодателях сохранены в файл: data_file/data_employers.csv
2023-07-07 01:59:13,307 [INFO]: Отправка GET-запроса по поиску работодателей.
2023-07-07 01:59:13,652 [INFO]: Данные о работодателях сохранены в файл: data_file/data_employers.csv
2023-07-07 01:59:48,432 [INFO]: Отправка GET-запроса по поиску работодателей.
2023-07-07 01:59:48,806 [INFO]: Данные о работодателях сохранены в файл: data_file/data_employers.csv
2023-07-07 02:02:53,692 [INFO]: Отправка GET-запроса по поиску работодателей.
2023-07-07 02:02:54,035 [INFO]: Данные о работодателях сохранены в файл: data_file/data_employers.csv
2023-07-07 02:04:47,794 [INFO]: Отправка GET-запроса по поиску работодателей.
2023-07-07 02:04:48,164 [INFO]: Данные о работодателях сохранены в файл: data_file/data_employers.csv
2023-07-07 02:05:27,562 [INFO]: Отправка GET-запроса по поиску работодателей.
2023-07-07 02:05:27,908 [INFO]: Данные о работодателях сохранены в файл: data_file/data_employers.csv
2023-07-07 02:06:30,803 [INFO]: Отправка GET-запроса по поиску работодателей.
2023-07-07 02:06:31,210 [INFO]: Данные о работодателях сохранены в файл: data_file/data_employers.csv
2023-07-07 02:07:14,233 [INFO]: Отправка GET-запроса по поиску работодателей.
2023-07-07 02:07:14,580 [INFO]: Данные о работодателях сохранены в файл: data_file/data_employers.csv
2023-07-07 02:08:36,604 [INFO]: Отправка GET-запроса по поиску работодателей.
2023-07-07 02:08:36,971 [INFO]: Данные о работодателях сохранены в файл: data_file/data_employers.csv
2023-07-07 02:10:06,877 [INFO]: Отправка GET-запроса по поиску работодателей.
2023-07-07 02:10:07,233 [INFO]: Данные о работодателях сохранены в файл: data_file/data_employers.csv
2023-07-07 02:14:06,128 [INFO]: Отправка GET-запроса по поиску работодателей.
2023-07-07 02:14:06,485 [INFO]: Данные о работодателях сохранены в файл: data_file/data_employers.csv
2023-07-07 02:16:19,423 [INFO]: Отправка GET-запроса по поиску работодателей.
2023-07-07 02:16:19,801 [INFO]: Данные о работодателях сохранены в файл: data_file/data_employers.csv
2023-07-07 02:22:09,178 [INFO]: Отправка GET-запроса по поиску работодателей.
2023-07-07 02:22:09,554 [INFO]: Данные о работодателях сохранены в файл: data_file/data_employers.csv
2023-07-07 02:38:35,624 [INFO]: Отправка GET-запроса по поиску работодателей.
2023-07-07 02:38:36,010 [INFO]: Данные о работодателях сохранены в файл: data_file/data_employers.csv
2023-07-07 02:41:10,851 [INFO]: Отправка GET-запроса по поиску работодателей.
2023-07-07 02:41:11,208 [INFO]: Данные о работодателях сохранены в файл: data_file/data_employers.csv
2023-07-07 02:43:47,538 [INFO]: Отправка GET-запроса по поиску работодателей.
2023-07-07 02:43:47,922 [INFO]: Данные о работодателях сохранены в файл: data_file/data_employers.csv
2023-07-07 02:45:25,587 [INFO]: Отправка GET-запроса по поиску работодателей.
2023-07-07 02:45:25,940 [INFO]: Данные о работодателях сохранены в файл: data_file/data_employers.csv
2023-07-07 02:46:23,555 [INFO]: Отправка GET-запроса по поиску работодателей.
2023-07-07 02:46:23,929 [INFO]: Данные о работодателях сохранены в файл: data_file/data_employers.csv
2023-07-07 02:49:15,062 [INFO]: Отправка GET-запроса по поиску работодателей.
2023-07-07 02:49:15,418 [INFO]: Данные о работодателях сохранены в файл: data_file/data_employers.csv
2023-07-07 02:49:45,999 [INFO]: Отправка GET-запроса по поиску работодателей.
2023-07-07 02:49:46,346 [INFO]: Данные о работодателях сохранены в файл: data_file/data_employers.csv
2023-07-07 02:50:11,871 [INFO]: Отправка GET-запроса по поиску работодателей.
2023-07-07 02:50:12,237 [INFO]: Данные о работодателях сохранены в файл: data_file/data_employers.csv
2023-07-07 02:52:13,296 [INFO]: Отправка GET-запроса по поиску работодателей.
2023-07-07 02:52:13,680 [INFO]: Данные о работодателях сохранены в файл: data_file/data_employers.csv
2023-07-07 03:07:30,095 [INFO]: Отправка GET-запроса по поиску работодателей.
2023-07-07 03:07:30,499 [INFO]: Данные о работодателях сохранены в файл: data_file/data_employers.csv
2023-07-07 03:11:21,520 [INFO]: Отправка GET-запроса по поиску работодателей.
2023-07-07 03:11:21,886 [INFO]: Данные о работодателях сохранены в файл: data_file/data_employers.csv
2023-07-07 03:12:11,105 [INFO]: Отправка GET-запроса по поиску работодателей.
2023-07-07 03:12:11,477 [INFO]: Данные о работодателях сохранены в файл: data_file/data_employers.csv
2023-07-07 03:18:57,695 [INFO]: Отправка GET-запроса по поиску работодателей.
2023-07-07 03:18:58,040 [INFO]: Данные о работодателях сохранены в файл: data_file/data_employers.csv
2023-07-07 03:24:27,740 [INFO]: Отправка GET-запроса по поиску работодателей.
2023-07-07 03:24:28,099 [INFO]: Данные о работодателях сохранены в файл: data_file/data_employers.csv
2023-07-07 03:26:54,284 [INFO]: Отправка GET-запроса по поиску работодателей.
2023-07-07 03:26:54,654 [INFO]: Данные о работодателях сохранены в файл: data_file/data_employers.csv
2023-07-07 03:28:39,501 [INFO]: Отправка GET-запроса по поиску работодателей.
2023-07-07 03:28:39,866 [INFO]: Данные о работодателях сохранены в файл: data_file/data_employers.csv
2023-07-07 03:32:22,499 [INFO]: Отправка GET-запроса по поиску работодателей.
2023-07-07 03:32:22,965 [INFO]: Данные о работодателях сохранены в файл: data_file/data_employers.csv
2023-07-07 03:33:56,074 [INFO]: Отправка GET-запроса по поиску работодателей.
2023-07-07 03:33:56,452 [INFO]: Данные о работодателях сохранены в файл: data_file/data_employers.csv
2023-07-07 03:35:09,299 [INFO]: Отправка GET-запроса по поиску работодателей.
2023-07-07 03:35:09,666 [INFO]: Данные о работодателях сохранены в файл: data_file/data_employers.csv
2023-07-07 03:38:23,055 [INFO]: Отправка GET-запроса по поиску работодателей.
2023-07-07 03:38:23,411 [INFO]: Данные о работодателях сохранены в файл: data_file/data_employers.csv
2023-07-07 03:46:19,859 [INFO]: Отправка GET-запроса по поиску работодателей.
2023-07-07 03:46:20,230 [INFO]: Данные о работодателях сохранены в файл: data_file/data_employers.csv
2023-07-07 04:12:24,166 [INFO]: Отправка GET-запроса по поиску работодателей.
2023-07-07 04:12:24,533 [INFO]: Данные о работодателях сохранены в файл: data_file/data_employers.csv
2023-07-07 04:13:58,163 [INFO]: Отправка GET-запроса по поиску работодателей.
2023-07-07 04:13:58,522 [INFO]: Данные о работодателях сохранены в файл: data_file/data_employers.csv
2023-07-07 04:15:32,603 [INFO]: Отправка GET-запроса по поиску работодателей.
2023-07-07 04:15:32,967 [INFO]: Данные о работодателях сохранены в файл: data_file/data_employers.csv
2023-07-07 04:16:46,418 [INFO]: Отправка GET-запроса по поиску работодателей.
2023-07-07 04:16:46,793 [INFO]: Данные о работодателях сохранены в файл: data_file/data_employers.csv
2023-07-07 04:19:55,508 [INFO]: Отправка GET-запроса по поиску работодателей.
2023-07-07 04:19:55,892 [INFO]: Данные о работодателях сохранены в файл: data_file/data_employers.csv
2023-07-07 04:22:08,878 [INFO]: Отправка GET-запроса по поиску работодателей.
2023-07-07 04:22:09,238 [INFO]: Данные о работодателях сохранены в файл: data_file/data_employers.csv
2023-07-07 04:22:19,150 [INFO]: Отправка GET-запроса по поиску работодателей.
2023-07-07 04:22:19,508 [INFO]: Данные о работодателях сохранены в файл: data_file/data_employers.csv
2023-07-07 04:26:28,093 [INFO]: Отправка GET-запроса по поиску работодателей.
2023-07-07 04:26:28,463 [INFO]: Данные о работодателях сохранены в файл: data_file/data_employers.csv
2023-07-07 04:29:55,027 [INFO]: Отправка GET-запроса по поиску работодателей.
2023-07-07 04:29:55,388 [INFO]: Данные о работодателях сохранены в файл: data_file/data_employers.csv
2023-07-07 04:32:14,022 [INFO]: Отправка GET-запроса по поиску работодателей.
2023-07-07 04:32:14,389 [INFO]: Данные о работодателях сохранены в файл: data_file/data_employers.csv
2023-07-07 04:33:24,007 [INFO]: Отправка GET-запроса по поиску работодателей.
2023-07-07 04:33:24,378 [INFO]: Данные о работодателях сохранены в файл: data_file/data_employers.csv
2023-07-07 10:29:37,314 [INFO]: Отправка GET-запроса по поиску работодателей.
2023-07-07 10:29:37,687 [INFO]: Данные о работодателях сохранены в файл: data_file/data_employers.csv
2023-07-07 10:30:51,066 [INFO]: Отправка GET-запроса по поиску работодателей.
2023-07-07 10:30:51,464 [INFO]: Данные о работодателях сохранены в файл: data_file/data_employers.csv
2023-07-07 10:32:25,509 [INFO]: Отправка GET-запроса по поиску работодателей.
2023-07-07 10:32:25,912 [INFO]: Данные о работодателях сохранены в файл: data_file/data_employers.csv
2023-07-07 10:41:00,028 [INFO]: Отправка GET-запроса по поиску работодателей.
2023-07-07 10:41:00,399 [INFO]: Данные о работодателях сохранены в файл: data_file/data_employers.csv
2023-07-07 10:43:25,495 [INFO]: Отправка GET-запроса по поиску работодателей.
2023-07-07 10:44:57,048 [INFO]: Отправка GET-запроса по поиску работодателей.
2023-07-07 10:46:18,353 [INFO]: Отправка GET-запроса по поиску работодателей.
2023-07-07 10:47:30,839 [INFO]: Отправка GET-запроса по поиску работодателей.
2023-07-07 10:52:18,091 [INFO]: Отправка GET-запроса по поиску работодателей.
2023-07-07 10:53:18,165 [INFO]: Отправка GET-запроса по поиску работодателей.
2023-07-07 10:54:22,046 [INFO]: Отправка GET-запроса по поиску работодателей.
2023-07-07 11:18:34,411 [INFO]: Отправка GET-запроса по поиску работодателей.
2023-07-07 11:24:36,343 [INFO]: Отправка GET-запроса по поиску работодателей.
2023-07-07 11:24:36,745 [INFO]: Данные о работодателях сохранены в файл: data_file/data_employers.csv
2023-07-07 11:24:45,584 [INFO]: Отправка GET-запроса по поиску работодателей.
2023-07-07 11:24:46,010 [INFO]: Данные о работодателях сохранены в файл: data_file/data_employers.csv
2023-07-07 11:27:39,804 [INFO]: Отправка GET-запроса по поиску работодателей.
2023-07-07 11:27:40,180 [INFO]: Данные о работодателях сохранены в файл: data_file/data_employers.csv
2023-07-07 11:28:24,242 [INFO]: Отправка GET-запроса по поиску работодателей.
2023-07-07 11:28:24,632 [INFO]: Данные о работодателях сохранены в файл: data_file/data_employers.csv
2023-07-07 11:32:21,596 [INFO]: Отправка GET-запроса по поиску работодателей.
2023-07-07 11:32:22,029 [INFO]: Данные о работодателях сохранены в файл: data_file/data_employers.csv
2023-07-07 11:32:53,405 [INFO]: Отправка GET-запроса по поиску работодателей.
2023-07-07 11:32:53,833 [INFO]: Данные о работодателях сохранены в файл: data_file/data_employers.csv
2023-07-07 11:33:15,188 [INFO]: Отправка GET-запроса по поиску работодателей.
2023-07-07 11:33:17,590 [INFO]: Данные о работодателях сохранены в файл: data_file/data_employers.csv
2023-07-07 11:35:27,794 [INFO]: Отправка GET-запроса по поиску работодателей.
2023-07-07 11:35:28,243 [INFO]: Данные о работодателях сохранены в файл: data_file/data_employers.csv
2023-07-07 11:36:01,183 [INFO]: Отправка GET-запроса по поиску работодателей.
2023-07-07 11:36:01,577 [INFO]: Данные о работодателях сохранены в файл: data_file/data_employers.csv
2023-07-07 11:37:46,159 [INFO]: Отправка GET-запроса по поиску работодателей.
2023-07-07 11:37:46,570 [INFO]: Данные о работодателях сохранены в файл: data_file/data_employers.csv
2023-07-07 11:39:12,481 [INFO]: Отправка GET-запроса по поиску работодателей.
2023-07-07 11:39:12,859 [INFO]: Данные о работодателях сохранены в файл: data_file/data_employers.csv
2023-07-07 11:52:42,266 [INFO]: Отправка GET-запроса по поиску работодателей.
2023-07-07 11:52:42,683 [INFO]: Данные о работодателях сохранены в файл: data_file/data_employers.csv
2023-07-07 11:54:20,279 [INFO]: Отправка GET-запроса по поиску работодателей.
2023-07-07 11:54:20,713 [INFO]: Данные о работодателях сохранены в файл: data_file/data_employers.csv
2023-07-07 11:55:11,918 [INFO]: Отправка GET-запроса по поиску работодателей.
2023-07-07 11:55:12,316 [INFO]: Данные о работодателях сохранены в файл: data_file/data_employers.csv
2023-07-07 12:12:01,291 [INFO]: Отправка GET-запроса по поиску работодателей.
2023-07-07 12:12:01,706 [INFO]: Данные о работодателях сохранены в файл: data_file/data_employers.csv
